<?xml version="1.0" encoding="UTF-8"?>
<!-- Generated by org.testng.reporters.JUnitReportReporter -->
<testsuite skipped="0" hostname="Makkuzz" name="SDETSelenium.Assignment1.TestScenarios" tests="6" failures="0" timestamp="2020-05-20T23:51:20 IST" time="66.196" errors="0">
  <testcase name="RentalCar" time="16.075" classname="SDETSelenium.Assignment1.TestScenarios"/>
  <system-out/>
  <testcase name="selectablePageNavigation" time="9.993" classname="SDETSelenium.Assignment1.TestScenarios"/>
  <system-out/>
  <testcase name="dropable" time="9.784" classname="SDETSelenium.Assignment1.TestScenarios"/>
  <system-out/>
  <testcase name="selectMenu" time="10.201" classname="SDETSelenium.Assignment1.TestScenarios"/>
  <system-out/>
  <testcase name="htmlContactFormNavigation" time="10.315" classname="SDETSelenium.Assignment1.TestScenarios"/>
  <system-out/>
  <testcase name="datepick" time="9.828" classname="SDETSelenium.Assignment1.TestScenarios"/>
  <system-out/>
</testsuite> <!-- SDETSelenium.Assignment1.TestScenarios -->
