<?xml version="1.0" encoding="UTF-8"?>
<!-- Generated by org.testng.reporters.JUnitReportReporter -->
<testsuite skipped="0" hostname="Makkuzz" name="SDETSelenium.Assignment3.MakeMyTrip_Test" tests="1" failures="0" timestamp="2020-05-20T23:57:36 IST" time="29.266" errors="0">
  <testcase name="flightBooking" time="29.266" classname="SDETSelenium.Assignment3.MakeMyTrip_Test"/>
  <system-out/>
</testsuite> <!-- SDETSelenium.Assignment3.MakeMyTrip_Test -->
